<?xml version="1.0" encoding="UTF-8"?>
<testng-results ignored="0" total="3" passed="3" failed="0" skipped="0">
  <reporter-output>
  </reporter-output>
  <suite started-at="2024-04-22T19:18:31 IST" name="com.TextExecutor.TestRunner" finished-at="2024-04-22T19:19:30 IST" duration-ms="59492">
    <groups>
      <group name="cucumber">
        <method signature="AbstractTestNGCucumberTests.runScenario(io.cucumber.testng.PickleWrapper,io.cucumber.testng.FeatureWrapper)[pri:0, instance:com.TextExecutor.TestRunner@73e9cf30]" name="runScenario" class="io.cucumber.testng.AbstractTestNGCucumberTests"/>
      </group> <!-- cucumber -->
    </groups>
    <test started-at="2024-04-22T19:18:31 IST" name="Command line test" finished-at="2024-04-22T19:19:30 IST" duration-ms="59492">
      <class name="com.TextExecutor.TestRunner">
        <test-method is-config="true" signature="beforeSuite()[pri:0, instance:com.TextExecutor.TestRunner@73e9cf30]" started-at="2024-04-22T19:18:31 IST" name="beforeSuite" finished-at="2024-04-22T19:18:31 IST" duration-ms="46" status="PASS">
          <reporter-output>
          </reporter-output>
        </test-method> <!-- beforeSuite -->
        <test-method is-config="true" signature="setUpClass(org.testng.ITestContext)[pri:0, instance:com.TextExecutor.TestRunner@73e9cf30]" started-at="2024-04-22T19:18:31 IST" name="setUpClass" finished-at="2024-04-22T19:18:33 IST" duration-ms="1962" status="PASS">
          <params>
            <param index="0">
              <value>
                <![CDATA[org.testng.TestRunner@475b7792]]>
              </value>
            </param>
          </params>
          <reporter-output>
          </reporter-output>
        </test-method> <!-- setUpClass -->
        <test-method signature="runScenario(io.cucumber.testng.PickleWrapper,io.cucumber.testng.FeatureWrapper)[pri:0, instance:com.TextExecutor.TestRunner@73e9cf30]" started-at="2024-04-22T19:18:33 IST" name="runScenario" description="Runs Cucumber Scenarios" data-provider="scenarios" finished-at="2024-04-22T19:19:17 IST" duration-ms="43709" status="PASS">
          <params>
            <param index="0">
              <value>
                <![CDATA["Verify the user able to shop the promotions in the application"]]>
              </value>
            </param>
            <param index="1">
              <value>
                <![CDATA["As a user I want to validate NopCommerceApplication"]]>
              </value>
            </param>
          </params>
          <reporter-output>
          </reporter-output>
        </test-method> <!-- runScenario -->
        <test-method signature="runScenario(io.cucumber.testng.PickleWrapper,io.cucumber.testng.FeatureWrapper)[pri:0, instance:com.TextExecutor.TestRunner@73e9cf30]" started-at="2024-04-22T19:18:33 IST" name="runScenario" description="Runs Cucumber Scenarios" data-provider="scenarios" finished-at="2024-04-22T19:19:29 IST" duration-ms="56350" status="PASS">
          <params>
            <param index="0">
              <value>
                <![CDATA["Verify the user able to shop the product in the application"]]>
              </value>
            </param>
            <param index="1">
              <value>
                <![CDATA["As a user I want to validate NopCommerceApplication"]]>
              </value>
            </param>
          </params>
          <reporter-output>
          </reporter-output>
        </test-method> <!-- runScenario -->
        <test-method signature="runScenario(io.cucumber.testng.PickleWrapper,io.cucumber.testng.FeatureWrapper)[pri:0, instance:com.TextExecutor.TestRunner@73e9cf30]" started-at="2024-04-22T19:18:33 IST" name="runScenario" description="Runs Cucumber Scenarios" data-provider="scenarios" finished-at="2024-04-22T19:19:16 IST" duration-ms="42849" status="PASS">
          <params>
            <param index="0">
              <value>
                <![CDATA["Verify the user able to shop the contents in the application"]]>
              </value>
            </param>
            <param index="1">
              <value>
                <![CDATA["As a user I want to validate NopCommerceApplication"]]>
              </value>
            </param>
          </params>
          <reporter-output>
          </reporter-output>
        </test-method> <!-- runScenario -->
        <test-method is-config="true" signature="tearDownClass()[pri:0, instance:com.TextExecutor.TestRunner@73e9cf30]" started-at="2024-04-22T19:19:29 IST" name="tearDownClass" finished-at="2024-04-22T19:19:30 IST" duration-ms="1039" status="PASS">
          <reporter-output>
          </reporter-output>
        </test-method> <!-- tearDownClass -->
        <test-method is-config="true" signature="afterSuite()[pri:0, instance:com.TextExecutor.TestRunner@73e9cf30]" started-at="2024-04-22T19:19:30 IST" name="afterSuite" finished-at="2024-04-22T19:19:30 IST" duration-ms="0" status="PASS">
          <reporter-output>
          </reporter-output>
        </test-method> <!-- afterSuite -->
      </class> <!-- com.TextExecutor.TestRunner -->
    </test> <!-- Command line test -->
  </suite> <!-- com.TextExecutor.TestRunner -->
</testng-results>
