<?xml version="1.0" encoding="UTF-8"?>
<testng-results ignored="0" total="3" passed="3" failed="0" skipped="0">
  <reporter-output>
  </reporter-output>
  <suite started-at="2024-04-23T17:51:55 IST" name="Default suite" finished-at="2024-04-23T17:52:59 IST" duration-ms="64578">
    <groups>
      <group name="cucumber">
        <method signature="AbstractTestNGCucumberTests.runScenario(io.cucumber.testng.PickleWrapper,io.cucumber.testng.FeatureWrapper)[pri:0, instance:com.TextExecutor.TestRunner@1ebea008]" name="runScenario" class="io.cucumber.testng.AbstractTestNGCucumberTests"/>
      </group> <!-- cucumber -->
    </groups>
    <test started-at="2024-04-23T17:51:55 IST" name="Default test" finished-at="2024-04-23T17:52:59 IST" duration-ms="64578">
      <class name="com.TextExecutor.TestRunner">
        <test-method is-config="true" signature="beforeSuite()[pri:0, instance:com.TextExecutor.TestRunner@1ebea008]" started-at="2024-04-23T17:51:55 IST" name="beforeSuite" finished-at="2024-04-23T17:51:55 IST" duration-ms="50" status="PASS">
          <reporter-output>
          </reporter-output>
        </test-method> <!-- beforeSuite -->
        <test-method is-config="true" signature="setUpClass(org.testng.ITestContext)[pri:0, instance:com.TextExecutor.TestRunner@1ebea008]" started-at="2024-04-23T17:51:55 IST" name="setUpClass" finished-at="2024-04-23T17:51:57 IST" duration-ms="2721" status="PASS">
          <params>
            <param index="0">
              <value>
                <![CDATA[org.testng.TestRunner@3e598df9]]>
              </value>
            </param>
          </params>
          <reporter-output>
          </reporter-output>
        </test-method> <!-- setUpClass -->
        <test-method signature="runScenario(io.cucumber.testng.PickleWrapper,io.cucumber.testng.FeatureWrapper)[pri:0, instance:com.TextExecutor.TestRunner@1ebea008]" started-at="2024-04-23T17:51:58 IST" name="runScenario" description="Runs Cucumber Scenarios" data-provider="scenarios" finished-at="2024-04-23T17:52:44 IST" duration-ms="46776" status="PASS">
          <params>
            <param index="0">
              <value>
                <![CDATA["Verify the user able to shop the contents in the application"]]>
              </value>
            </param>
            <param index="1">
              <value>
                <![CDATA["As a user I want to validate NopCommerceApplication"]]>
              </value>
            </param>
          </params>
          <reporter-output>
          </reporter-output>
        </test-method> <!-- runScenario -->
        <test-method signature="runScenario(io.cucumber.testng.PickleWrapper,io.cucumber.testng.FeatureWrapper)[pri:0, instance:com.TextExecutor.TestRunner@1ebea008]" started-at="2024-04-23T17:51:58 IST" name="runScenario" description="Runs Cucumber Scenarios" data-provider="scenarios" finished-at="2024-04-23T17:52:58 IST" duration-ms="60613" status="PASS">
          <params>
            <param index="0">
              <value>
                <![CDATA["Verify the user able to shop the product in the application"]]>
              </value>
            </param>
            <param index="1">
              <value>
                <![CDATA["As a user I want to validate NopCommerceApplication"]]>
              </value>
            </param>
          </params>
          <reporter-output>
          </reporter-output>
        </test-method> <!-- runScenario -->
        <test-method signature="runScenario(io.cucumber.testng.PickleWrapper,io.cucumber.testng.FeatureWrapper)[pri:0, instance:com.TextExecutor.TestRunner@1ebea008]" started-at="2024-04-23T17:51:58 IST" name="runScenario" description="Runs Cucumber Scenarios" data-provider="scenarios" finished-at="2024-04-23T17:52:39 IST" duration-ms="41031" status="PASS">
          <params>
            <param index="0">
              <value>
                <![CDATA["Verify the user able to shop the promotions in the application"]]>
              </value>
            </param>
            <param index="1">
              <value>
                <![CDATA["As a user I want to validate NopCommerceApplication"]]>
              </value>
            </param>
          </params>
          <reporter-output>
          </reporter-output>
        </test-method> <!-- runScenario -->
        <test-method is-config="true" signature="tearDownClass()[pri:0, instance:com.TextExecutor.TestRunner@1ebea008]" started-at="2024-04-23T17:52:58 IST" name="tearDownClass" finished-at="2024-04-23T17:52:59 IST" duration-ms="1076" status="PASS">
          <reporter-output>
          </reporter-output>
        </test-method> <!-- tearDownClass -->
        <test-method is-config="true" signature="afterSuite()[pri:0, instance:com.TextExecutor.TestRunner@1ebea008]" started-at="2024-04-23T17:52:59 IST" name="afterSuite" finished-at="2024-04-23T17:52:59 IST" duration-ms="1" status="PASS">
          <reporter-output>
          </reporter-output>
        </test-method> <!-- afterSuite -->
      </class> <!-- com.TextExecutor.TestRunner -->
    </test> <!-- Default test -->
  </suite> <!-- Default suite -->
</testng-results>
